This is pdfTeX, Version 3.141592653-2.6-1.40.22 (TeX Live 2022/dev/Debian) (preloaded format=pdflatex 2023.2.8)  23 MAR 2023 14:29
entering extended mode
 restricted \write18 enabled.
 %&-line parsing enabled.
**cahier_des_charges.tex
(./cahier_des_charges.tex
LaTeX2e <2021-11-15> patch level 1
L3 programming layer <2022-01-21>
(/usr/share/texlive/texmf-dist/tex/latex/base/article.cls
Document Class: article 2021/10/04 v1.4n Standard LaTeX document class
(/usr/share/texlive/texmf-dist/tex/latex/base/size12.clo
File: size12.clo 2021/10/04 v1.4n Standard LaTeX file (size option)
)
\c@part=\count185
\c@section=\count186
\c@subsection=\count187
\c@subsubsection=\count188
\c@paragraph=\count189
\c@subparagraph=\count190
\c@figure=\count191
\c@table=\count192
\abovecaptionskip=\skip47
\belowcaptionskip=\skip48
\bibindent=\dimen138
)
(/usr/share/texlive/texmf-dist/tex/latex/graphics/graphicx.sty
Package: graphicx 2021/09/16 v1.2d Enhanced LaTeX Graphics (DPC,SPQR)

(/usr/share/texlive/texmf-dist/tex/latex/graphics/keyval.sty
Package: keyval 2014/10/28 v1.15 key=value parser (DPC)
\KV@toks@=\toks16
)
(/usr/share/texlive/texmf-dist/tex/latex/graphics/graphics.sty
Package: graphics 2021/03/04 v1.4d Standard LaTeX Graphics (DPC,SPQR)

(/usr/share/texlive/texmf-dist/tex/latex/graphics/trig.sty
Package: trig 2021/08/11 v1.11 sin cos tan (DPC)
)
(/usr/share/texlive/texmf-dist/tex/latex/graphics-cfg/graphics.cfg
File: graphics.cfg 2016/06/04 v1.11 sample graphics configuration
)
Package graphics Info: Driver file: pdftex.def on input line 107.

(/usr/share/texlive/texmf-dist/tex/latex/graphics-def/pdftex.def
File: pdftex.def 2020/10/05 v1.2a Graphics/color driver for pdftex
))
\Gin@req@height=\dimen139
\Gin@req@width=\dimen140
)
(/usr/share/texlive/texmf-dist/tex/generic/babel/babel.sty
Package: babel 2022/01/26 3.70 The Babel package
\babel@savecnt=\count193
\U@D=\dimen141
\l@unhyphenated=\language5

(/usr/share/texlive/texmf-dist/tex/generic/babel/txtbabel.def)
\bbl@readstream=\read2
\bbl@dirlevel=\count194

(/usr/share/texlive/texmf-dist/tex/generic/babel-french/french.ldf
Language: french 2021/07/20 v3.5m French support from the babel system
Package babel Info: Hyphen rules for 'acadian' set to \l@french
(babel)             (\language4). Reported on input line 91.
Package babel Info: Hyphen rules for 'canadien' set to \l@french
(babel)             (\language4). Reported on input line 92.
\FB@nonchar=\count195
Package babel Info: Making : an active character on input line 430.
Package babel Info: Making ; an active character on input line 431.
Package babel Info: Making ! an active character on input line 432.
Package babel Info: Making ? an active character on input line 433.
\FBguill@level=\count196
\FBold@everypar=\toks17
\FB@Mht=\dimen142
\mc@charclass=\count197
\mc@charfam=\count198
\mc@charslot=\count199
\std@mcc=\count266
\dec@mcc=\count267
\listindentFB=\dimen143
\descindentFB=\dimen144
\labelindentFB=\dimen145
\labelwidthFB=\dimen146
\leftmarginFB=\dimen147
\parindentFFN=\dimen148
\FBfnindent=\dimen149
))
(/usr/share/texlive/texmf-dist/tex/latex/carlisle/scalefnt.sty)
(/usr/share/texlive/texmf-dist/tex/latex/hyperref/hyperref.sty
Package: hyperref 2021-06-07 v7.00m Hypertext links for LaTeX

(/usr/share/texlive/texmf-dist/tex/generic/ltxcmds/ltxcmds.sty
Package: ltxcmds 2020-05-10 v1.25 LaTeX kernel commands for general use (HO)
)
(/usr/share/texlive/texmf-dist/tex/generic/iftex/iftex.sty
Package: iftex 2020/03/06 v1.0d TeX engine tests
)
(/usr/share/texlive/texmf-dist/tex/generic/pdftexcmds/pdftexcmds.sty
Package: pdftexcmds 2020-06-27 v0.33 Utility functions of pdfTeX for LuaTeX (HO
)

(/usr/share/texlive/texmf-dist/tex/generic/infwarerr/infwarerr.sty
Package: infwarerr 2019/12/03 v1.5 Providing info/warning/error messages (HO)
)
Package pdftexcmds Info: \pdf@primitive is available.
Package pdftexcmds Info: \pdf@ifprimitive is available.
Package pdftexcmds Info: \pdfdraftmode found.
)
(/usr/share/texlive/texmf-dist/tex/generic/kvsetkeys/kvsetkeys.sty
Package: kvsetkeys 2019/12/15 v1.18 Key value parser (HO)
)
(/usr/share/texlive/texmf-dist/tex/generic/kvdefinekeys/kvdefinekeys.sty
Package: kvdefinekeys 2019-12-19 v1.6 Define keys (HO)
)
(/usr/share/texlive/texmf-dist/tex/generic/pdfescape/pdfescape.sty
Package: pdfescape 2019/12/09 v1.15 Implements pdfTeX's escape features (HO)
)
(/usr/share/texlive/texmf-dist/tex/latex/hycolor/hycolor.sty
Package: hycolor 2020-01-27 v1.10 Color options for hyperref/bookmark (HO)
)
(/usr/share/texlive/texmf-dist/tex/latex/letltxmacro/letltxmacro.sty
Package: letltxmacro 2019/12/03 v1.6 Let assignment for LaTeX macros (HO)
)
(/usr/share/texlive/texmf-dist/tex/latex/auxhook/auxhook.sty
Package: auxhook 2019-12-17 v1.6 Hooks for auxiliary files (HO)
)
(/usr/share/texlive/texmf-dist/tex/latex/kvoptions/kvoptions.sty
Package: kvoptions 2020-10-07 v3.14 Key value format for package options (HO)
)
\@linkdim=\dimen150
\Hy@linkcounter=\count268
\Hy@pagecounter=\count269

(/usr/share/texlive/texmf-dist/tex/latex/hyperref/pd1enc.def
File: pd1enc.def 2021-06-07 v7.00m Hyperref: PDFDocEncoding definition (HO)
Now handling font encoding PD1 ...
... no UTF-8 mapping file for font encoding PD1
)
(/usr/share/texlive/texmf-dist/tex/latex/hyperref/hyperref-langpatches.def
File: hyperref-langpatches.def 2021-06-07 v7.00m Hyperref: patches for babel la
nguages
)
(/usr/share/texlive/texmf-dist/tex/generic/intcalc/intcalc.sty
Package: intcalc 2019/12/15 v1.3 Expandable calculations with integers (HO)
)
(/usr/share/texlive/texmf-dist/tex/generic/etexcmds/etexcmds.sty
Package: etexcmds 2019/12/15 v1.7 Avoid name clashes with e-TeX commands (HO)
)
\Hy@SavedSpaceFactor=\count270

(/usr/share/texlive/texmf-dist/tex/latex/hyperref/puenc.def
File: puenc.def 2021-06-07 v7.00m Hyperref: PDF Unicode definition (HO)
Now handling font encoding PU ...
... no UTF-8 mapping file for font encoding PU
)
Package hyperref Info: Hyper figures OFF on input line 4192.
Package hyperref Info: Link nesting OFF on input line 4197.
Package hyperref Info: Hyper index ON on input line 4200.
Package hyperref Info: Plain pages OFF on input line 4207.
Package hyperref Info: Backreferencing OFF on input line 4212.
Package hyperref Info: Implicit mode ON; LaTeX internals redefined.
Package hyperref Info: Bookmarks ON on input line 4445.
\c@Hy@tempcnt=\count271

(/usr/share/texlive/texmf-dist/tex/latex/url/url.sty
\Urlmuskip=\muskip16
Package: url 2013/09/16  ver 3.4  Verb mode for urls, etc.
)
LaTeX Info: Redefining \url on input line 4804.
\XeTeXLinkMargin=\dimen151

(/usr/share/texlive/texmf-dist/tex/generic/bitset/bitset.sty
Package: bitset 2019/12/09 v1.3 Handle bit-vector datatype (HO)

(/usr/share/texlive/texmf-dist/tex/generic/bigintcalc/bigintcalc.sty
Package: bigintcalc 2019/12/15 v1.5 Expandable calculations on big integers (HO
)
))
\Fld@menulength=\count272
\Field@Width=\dimen152
\Fld@charsize=\dimen153
Package hyperref Info: Hyper figures OFF on input line 6076.
Package hyperref Info: Link nesting OFF on input line 6081.
Package hyperref Info: Hyper index ON on input line 6084.
Package hyperref Info: backreferencing OFF on input line 6091.
Package hyperref Info: Link coloring OFF on input line 6096.
Package hyperref Info: Link coloring with OCG OFF on input line 6101.
Package hyperref Info: PDF/A mode OFF on input line 6106.
LaTeX Info: Redefining \ref on input line 6146.
LaTeX Info: Redefining \pageref on input line 6150.

(/usr/share/texlive/texmf-dist/tex/latex/base/atbegshi-ltx.sty
Package: atbegshi-ltx 2021/01/10 v1.0c Emulation of the original atbegshi
package with kernel methods
)
\Hy@abspage=\count273
\c@Item=\count274
\c@Hfootnote=\count275
)
Package hyperref Info: Driver (autodetected): hpdftex.

(/usr/share/texlive/texmf-dist/tex/latex/hyperref/hpdftex.def
File: hpdftex.def 2021-06-07 v7.00m Hyperref driver for pdfTeX

(/usr/share/texlive/texmf-dist/tex/latex/base/atveryend-ltx.sty
Package: atveryend-ltx 2020/08/19 v1.0a Emulation of the original atveryend pac
kage
with kernel methods
)
\Fld@listcount=\count276
\c@bookmark@seq@number=\count277

(/usr/share/texlive/texmf-dist/tex/latex/rerunfilecheck/rerunfilecheck.sty
Package: rerunfilecheck 2019/12/05 v1.9 Rerun checks for auxiliary files (HO)

(/usr/share/texlive/texmf-dist/tex/generic/uniquecounter/uniquecounter.sty
Package: uniquecounter 2019/12/15 v1.4 Provide unlimited unique counter (HO)
)
Package uniquecounter Info: New unique counter `rerunfilecheck' on input line 2
86.
)
\Hy@SectionHShift=\skip49
)
(/usr/share/texlive/texmf-dist/tex/latex/caption/caption.sty
Package: caption 2020/10/26 v3.5g Customizing captions (AR)

(/usr/share/texlive/texmf-dist/tex/latex/caption/caption3.sty
Package: caption3 2020/10/21 v2.2e caption3 kernel (AR)
\captionmargin=\dimen154
\captionmargin@=\dimen155
\captionwidth=\dimen156
\caption@tempdima=\dimen157
\caption@indent=\dimen158
\caption@parindent=\dimen159
\caption@hangindent=\dimen160
Package caption Info: Standard document class detected.
Package caption Info: french babel package is loaded.
)
\c@caption@flags=\count278
\c@continuedfloat=\count279
Package caption Info: hyperref package is loaded.
)
(/usr/share/texlive/texmf-dist/tex/latex/caption/subcaption.sty
Package: subcaption 2020/10/07 v1.3j Sub-captions (AR)
\c@subfigure=\count280
\c@subtable=\count281
)
(/usr/share/texlive/texmf-dist/tex/latex/float/float.sty
Package: float 2001/11/08 v1.3d Float enhancements (AL)
\c@float@type=\count282
\float@exts=\toks18
\float@box=\box50
\@float@everytoks=\toks19
\@floatcapt=\box51
)
(/usr/share/texlive/texmf-dist/tex/latex/l3backend/l3backend-pdftex.def
File: l3backend-pdftex.def 2022-01-12 L3 backend support: PDF output (pdfTeX)
\l__color_backend_stack_int=\count283
\l__pdf_internal_box=\box52
)
(./cahier_des_charges.aux)
\openout1 = `cahier_des_charges.aux'.

LaTeX Font Info:    Checking defaults for OML/cmm/m/it on input line 8.
LaTeX Font Info:    ... okay on input line 8.
LaTeX Font Info:    Checking defaults for OMS/cmsy/m/n on input line 8.
LaTeX Font Info:    ... okay on input line 8.
LaTeX Font Info:    Checking defaults for OT1/cmr/m/n on input line 8.
LaTeX Font Info:    ... okay on input line 8.
LaTeX Font Info:    Checking defaults for T1/cmr/m/n on input line 8.
LaTeX Font Info:    ... okay on input line 8.
LaTeX Font Info:    Checking defaults for TS1/cmr/m/n on input line 8.
LaTeX Font Info:    ... okay on input line 8.
LaTeX Font Info:    Checking defaults for OMX/cmex/m/n on input line 8.
LaTeX Font Info:    ... okay on input line 8.
LaTeX Font Info:    Checking defaults for U/cmr/m/n on input line 8.
LaTeX Font Info:    ... okay on input line 8.
LaTeX Font Info:    Checking defaults for PD1/pdf/m/n on input line 8.
LaTeX Font Info:    ... okay on input line 8.
LaTeX Font Info:    Checking defaults for PU/pdf/m/n on input line 8.
LaTeX Font Info:    ... okay on input line 8.

(/usr/share/texlive/texmf-dist/tex/context/base/mkii/supp-pdf.mkii
[Loading MPS to PDF converter (version 2006.09.02).]
\scratchcounter=\count284
\scratchdimen=\dimen161
\scratchbox=\box53
\nofMPsegments=\count285
\nofMParguments=\count286
\everyMPshowfont=\toks20
\MPscratchCnt=\count287
\MPscratchDim=\dimen162
\MPnumerator=\count288
\makeMPintoPDFobject=\count289
\everyMPtoPDFconversion=\toks21
) (/usr/share/texlive/texmf-dist/tex/latex/epstopdf-pkg/epstopdf-base.sty
Package: epstopdf-base 2020-01-24 v2.11 Base part for package epstopdf
Package epstopdf-base Info: Redefining graphics rule for `.eps' on input line 4
85.

(/usr/share/texlive/texmf-dist/tex/latex/latexconfig/epstopdf-sys.cfg
File: epstopdf-sys.cfg 2010/07/13 v1.3 Configuration of (r)epstopdf for TeX Liv
e
))
LaTeX Info: Redefining \degres on input line 8.
LaTeX Info: Redefining \up on input line 8.


Package french.ldf Warning: OT1 encoding should not be used for French.
(french.ldf)                Add \usepackage[T1]{fontenc} to the preamble
(french.ldf)                of your document; reported on input line 8.

Package hyperref Info: Link coloring OFF on input line 8.
(/usr/share/texlive/texmf-dist/tex/latex/hyperref/nameref.sty
Package: nameref 2021-04-02 v2.47 Cross-referencing by name of section

(/usr/share/texlive/texmf-dist/tex/latex/refcount/refcount.sty
Package: refcount 2019/12/15 v3.6 Data extraction from label references (HO)
)
(/usr/share/texlive/texmf-dist/tex/generic/gettitlestring/gettitlestring.sty
Package: gettitlestring 2019/12/15 v1.6 Cleanup title references (HO)
)
\c@section@level=\count290
)
LaTeX Info: Redefining \ref on input line 8.
LaTeX Info: Redefining \pageref on input line 8.
LaTeX Info: Redefining \nameref on input line 8.

(./cahier_des_charges.out) (./cahier_des_charges.out)
\@outlinefile=\write3
\openout3 = `cahier_des_charges.out'.

Package caption Info: Begin \AtBeginDocument code.
Package caption Info: float package is loaded.
Package caption Info: End \AtBeginDocument code.
 [1

{/var/lib/texmf/fonts/map/pdftex/updmap/pdftex.map}] (./cahier_des_charges.toc
LaTeX Font Info:    External font `cmex10' loaded for size
(Font)              <12> on input line 8.
LaTeX Font Info:    External font `cmex10' loaded for size
(Font)              <8> on input line 8.
LaTeX Font Info:    External font `cmex10' loaded for size
(Font)              <6> on input line 8.
)
\tf@toc=\write4
\openout4 = `cahier_des_charges.toc'.

pdfTeX warning (ext4): destination with the same identifier (name{page.1}) has 
been already used, duplicate ignored
<to be read again> 
                   \relax 
l.33 	\newpage
               [1]
Overfull \hbox (4.47142pt too wide) in paragraph at lines 40--41
[]\OT1/cmr/m/n/12 ^^Ra \OT1/cmr/bx/n/12 M. Kha-lil His-seine HAM-DANE\OT1/cmr/m
/n/12 , notre for-ma-teur en \OT1/cmr/m/it/12 Mod^^Selisation
 []


Overfull \hbox (31.76619pt too wide) in paragraph at lines 42--43
[]\OT1/cmr/m/n/12 ^^Ra \OT1/cmr/bx/n/12 M. His-sein Dji-ber\OT1/cmr/m/n/12 , no
tre res-pon-sable p^^Sedagogique pour son appr^^Seciation. 
 []

[1] [2]
Overfull \hbox (26.90434pt too wide) in paragraph at lines 60--79
 [][] 
 []

[3]
Overfull \hbox (9.72224pt too wide) in paragraph at lines 96--98
[]\OT1/cmr/m/n/12 Dans ce do-cu-ment, dans un pre-mier temps nous al-lons faire
 une pr^^Sesentation
 []

pdfTeX warning (ext4): destination with the same identifier (name{page.1}) has 
been already used, duplicate ignored
<to be read again> 
                   \relax 
l.98 	
       [1] [2]
Underfull \hbox (badness 10000) in paragraph at lines 119--130

 []

[3]
Overfull \hbox (25.83606pt too wide) in paragraph at lines 156--157
[]\OT1/cmr/m/n/12 UML s'adresse ^^Ra toutes les per-sonnes charg^^Sees de la pr
o-duc-tion, du d^^Seploiement
 []

<actor.png, id=179, 78.2925pt x 106.3975pt>
File: actor.png Graphic file (type png)
<use actor.png>
Package pdftex.def Info: actor.png  used on input line 165.
(pdftex.def)             Requested size: 29.24881pt x 39.74797pt.
<use_case.png, id=181, 189.70876pt x 97.36375pt>
File: use_case.png Graphic file (type png)
<use use_case.png>
Package pdftex.def Info: use_case.png  used on input line 171.
(pdftex.def)             Requested size: 77.99881pt x 40.0308pt.
[4]
<use_case_diag.png, id=187, 1164.35pt x 973.6375pt>
File: use_case_diag.png Graphic file (type png)
<use use_case_diag.png>
Package pdftex.def Info: use_case_diag.png  used on input line 214.
(pdftex.def)             Requested size: 390.0pt x 326.11487pt.
 [5 <./actor.png> <./use_case.png>] [6 <./use_case_diag.png (PNG copy)>]
<class.png, id=205, 218.8175pt x 168.63pt>
File: class.png Graphic file (type png)
<use class.png>
Package pdftex.def Info: class.png  used on input line 255.
(pdftex.def)             Requested size: 97.5pt x 75.1366pt.
<u_class_diag_1.png, id=207, 772.8875pt x 913.4125pt>
File: u_class_diag_1.png Graphic file (type png)
<use u_class_diag_1.png>
Package pdftex.def Info: u_class_diag_1.png  used on input line 265.
(pdftex.def)             Requested size: 390.0pt x 460.91426pt.

[7 <./class.png>] [8 <./u_class_diag_1.png (PNG copy)>]
Underfull \hbox (badness 10000) in paragraph at lines 274--275

 []

<entite.png, id=220, 150.5625pt x 140.525pt>
File: entite.png Graphic file (type png)
<use entite.png>
Package pdftex.def Info: entite.png  used on input line 284.
(pdftex.def)             Requested size: 97.5pt x 91.00351pt.
<association.png, id=221, 401.5pt x 130.4875pt>
File: association.png Graphic file (type png)
<use association.png>
Package pdftex.def Info: association.png  used on input line 291.
(pdftex.def)             Requested size: 292.5pt x 95.0679pt.
[9 <./entite.png (PNG copy)> <./association.png (PNG copy)>]
<mcd.png, id=228, 883.3pt x 833.1125pt>
File: mcd.png Graphic file (type png)
<use mcd.png>
Package pdftex.def Info: mcd.png  used on input line 355.
(pdftex.def)             Requested size: 390.0pt x 367.84186pt.
 [10]
Overfull \hbox (1.40149pt too wide) in paragraph at lines 367--368
[]\OT1/cmr/m/n/12 Chaque as-so-cia-tion (x,n)-(x,n) (plu-sieurs ^^Ra plu-sieurs
) de-vient une table
 []

[11 <./mcd.png (PNG copy)>]
<mld.png, id=239, 712.6625pt x 772.8875pt>
File: mld.png Graphic file (type png)
<use mld.png>
Package pdftex.def Info: mld.png  used on input line 373.
(pdftex.def)             Requested size: 390.0pt x 422.95485pt.

Underfull \hbox (badness 10000) in paragraph at lines 379--380

 []

[12 <./mld.png (PNG copy)>] [13]
Overfull \hbox (5.41396pt too wide) in paragraph at lines 383--384
\OT1/cmr/m/n/12 pro-jet, d'une en-tre-prise ou d'une or-ga-ni-sa-tion. Elle rep
r^^Sesente un ^^Selargissement
 []

[14] [15] (./cahier_des_charges.lof)
\tf@lof=\write5
\openout5 = `cahier_des_charges.lof'.

 (./cahier_des_charges.lot)
\tf@lot=\write6
\openout6 = `cahier_des_charges.lot'.

 [16]
Overfull \hbox (38.14027pt too wide) in paragraph at lines 421--422
[][]\OT1/cmr/m/n/12 https://fr.wikipedia.org/wiki/Universit%C3%A9[]de[]N%27Djam
%C3%A9na[],
 []

[17] (./cahier_des_charges.aux)
Package rerunfilecheck Info: File `cahier_des_charges.out' has not changed.
(rerunfilecheck)             Checksum: 6EC59AC0AF46CC434057080928B40A1E;3186.
 ) 
Here is how much of TeX's memory you used:
 11380 strings out of 480218
 186224 string characters out of 5894883
 488604 words of memory out of 5000000
 29156 multiletter control sequences out of 15000+600000
 475099 words of font info for 47 fonts, out of 8000000 for 9000
 14 hyphenation exceptions out of 8191
 60i,15n,63p,924b,484s stack positions out of 5000i,500n,10000p,200000b,80000s
 </home/hassane/.texlive2021/texmf-var/fonts/pk/ljfour/jknappen/ec/tcrm1200.6
00pk></usr/share/texlive/texmf-dist/fonts/type1/public/amsfonts/cm/cmbx12.pfb><
/usr/share/texlive/texmf-dist/fonts/type1/public/amsfonts/cm/cmcsc10.pfb></usr/
share/texlive/texmf-dist/fonts/type1/public/amsfonts/cm/cmr10.pfb></usr/share/t
exlive/texmf-dist/fonts/type1/public/amsfonts/cm/cmr12.pfb></usr/share/texlive/
texmf-dist/fonts/type1/public/amsfonts/cm/cmti12.pfb>
Output written on cahier_des_charges.pdf (22 pages, 437639 bytes).
PDF statistics:
 324 PDF objects out of 1000 (max. 8388607)
 274 compressed objects within 3 object streams
 63 named destinations out of 1000 (max. 500000)
 262 words of extra memory for PDF output out of 10000 (max. 10000000)

